LP bound =    2.850
IP bound =    4.000
  1    1.000    9.000    17
  2    1.700    9.000    36
  3    1.800    9.000    55
  4    1.800    9.000    73
  5    2.250    9.000    90
  6    2.700    9.000   110
  7    2.700    9.000   129
  8    2.700    9.000   149
  9    2.700    9.000   169
 10    2.700    9.000   187
 11    2.750    9.000   206
 12    3.600    9.000   226
 13    3.600    4.000   246
 14    3.600    4.000   265
 15    3.600    4.000   285
 16    3.600    4.000   305
 17    3.600    4.000   325
 18    3.600    4.000   344
 19    3.600    4.000   363
 20    3.650    4.000   377
 21    4.500    4.000   397
miptime =   0.1030
dectime =  11.5870
