Reliability level:0.1
Number of items:20
Number of scenarios:1000
Number of dims:10
##################################
root U = 5997.94
Warning: Control callbacks may disable some MIP features.
MIP emphasis: optimality.
MIP search method: traditional branch-and-cut.
Parallel mode: none, using 1 thread.
Root relaxation solution time = 0.00 sec. (0.16 ticks)

        Nodes                                         Cuts/
   Node  Left     Objective  IInf  Best Integer    Best Bound    ItCnt     Gap         Variable B NodeID Parent  Depth

      0     0     5997.9393   168                   5997.9393        6         
*     0+    0                         5670.4092     5997.9393        6    5.78%
*     0+    0                         5674.7927     5997.9393        6    5.69%
*     0+    0                         5700.2245     5997.9393        6    5.22%
*     0+    0                         5741.2709     5997.9393        6    4.47%
*     0+    0                         5808.9894     5997.9393        6    3.25%
*     0+    0                         5838.9621     5997.9393        6    2.72%
*     0+    0                         5861.3122     5997.9393        6    2.33%
      0     2     5997.9393   138     5861.3122     5997.9393        6    2.33%                        0             0
Elapsed time = 8.40 sec. (3674.95 ticks, tree = 0.00 MB, solutions = 7)
      1     3     5997.9393   175     5861.3122     5997.9393      253    2.33%            x280 N      1      0      1
      2     4     5997.9393   239     5861.3122     5997.9393      608    2.33%            x713 N      2      1      2
      3     4     5997.9393   276     5861.3122     5997.9393     1017    2.33%            x460 N      3      2      3
      4     5     5997.9393   272     5861.3122     5997.9393     1340    2.33%            x349 N      4      3      4
      5     6     5997.9393   306     5861.3122     5997.9393     1700    2.33%            x171 N      5      4      5
      6     7     5997.9393   317     5861.3122     5997.9393     2077    2.33%            x554 N      6      5      6
      7     8     5994.2693   368     5861.3122     5997.9393     3843    2.33%            x554 N      7      5      6
      8     9     5992.1348   364     5861.3122     5997.9393     4534    2.33%            x850 N      8      7      7
      9    10     5990.5510   320     5861.3122     5997.9393     5117    2.33%            x211 N      9      8      8
     17    18     5970.8886   279     5861.3122     5997.9393     7678    2.33%            x836 N     17     15     14
Elapsed time = 19.65 sec. (13955.93 ticks, tree = 0.89 MB, solutions = 7)
     33    34     5980.1811   282     5861.3122     5997.9393     9150    2.33%            x598 N     33     31     28
     50    50     5952.4261   138     5861.3122     5997.9393    10227    2.33%            x516 N     50     48     42
*    60+   58                         5870.4055     5997.9393    11989    2.17%
     62    62     5927.8064   119     5870.4055     5997.9393    12755    2.17%            x560 N     62     60     50
*    70+   68                         5871.0343     5997.9393    14603    2.16%
     70    70     5978.2878   176     5871.0343     5997.9393    14603    2.16%            x443 D     70     68     55
     72    72     5932.6167   209     5871.0343     5997.9393    16037    2.16%             x72 N     72     70     56
     81    81     5891.9739   206     5871.0343     5997.9393    18330    2.16%            x160 N     81     78     60
     88    88     5928.8740   231     5871.0343     5997.9393    20975    2.16%            x813 N     88     86     64
     95    95     5972.3850   162     5871.0343     5997.9393    22166    2.16%            x479 N     95     93     68
    114   114     5890.3516    44     5871.0343     5997.9393    25129    2.16%            x878 N    114    112     80
    132   120        cutoff           5871.0343     5997.9393    27918    2.16%            x912 U    132    129     89
Elapsed time = 45.61 sec. (24749.64 ticks, tree = 9.70 MB, solutions = 9)
    155   131     5894.6572   116     5871.0343     5997.9393    30101    2.16%            x802 N    155    154    102
    169   137     5997.9393   302     5871.0343     5997.9393    32091    2.16%            x776 N    169      6      7
*   170+  119                         5886.5682     5997.9393    32348    1.89%
    171   122     5997.9393   300     5886.5682     5997.9393    32507    1.89%            x244 N    171    170      9
    176   127     5953.6347   351     5886.5682     5997.9393    34556    1.89%            x810 N    176    174     13
    184   134     5984.7546   352     5886.5682     5997.9393    36641    1.89%            x736 N    184    182     20
    197   140        cutoff           5886.5682     5997.9393    38386    1.89%            x766 U    197    194     30
    211   148     5982.0996   317     5886.5682     5997.9393    39310    1.89%            x560 N    211    210     41
    224   159     5961.6407   330     5886.5682     5997.9393    41589    1.89%            x706 N    224    222     51
    243   178     5904.3958    68     5886.5682     5997.9393    42960    1.89%            x681 N    243    241     68
    260   195     5951.1395   150     5886.5682     5997.9393    44235    1.89%            x691 N    260    258     79
Elapsed time = 73.66 sec. (38031.69 ticks, tree = 19.09 MB, solutions = 10)
    280   211     5941.9125   129     5886.5682     5997.9393    45465    1.89%            x674 U    280    279     89
    304   223     5912.0011    63     5886.5682     5997.9393    46790    1.89%            x209 N    304    302    101
    311   223     5929.0430   292     5886.5682     5997.9393    48490    1.89%            x850 N    311    177     15
    312   224     5957.1340   468     5886.5682     5997.9393    49950    1.89%            x160 N    312    178     16
    313   225     5956.5236   252     5886.5682     5997.9393    51072    1.89%            x878 N    313    175     14
    314   225     5960.9867   281     5886.5682     5997.9393    52311    1.89%             x23 N    314    179     17
    315   226     5967.6430   397     5886.5682     5997.9393    53618    1.89%            x802 N    315    181     19
    316   226     5963.1994   307     5886.5682     5997.9393    55061    1.89%            x701 N    316    172     11
    317   227     5965.1842   362     5886.5682     5997.9393    56614    1.89%            x991 N    317    173     12
    318   228     5963.3111   418     5886.5682     5997.9393    57866    1.89%            x443 N    318    180     18
Elapsed time = 92.03 sec. (51112.95 ticks, tree = 24.06 MB, solutions = 10)
    319   228     5952.9827   427     5886.5682     5997.9393    59376    1.89%            x190 N    319    171     10
    320   229     5914.6646   425     5886.5682     5997.9393    63142    1.89%            x944 N    320    169      8
    322   228     5978.1143   279     5886.5682     5997.7359    65319    1.89%            x776 N    322      6      7
    340   245     5997.3117   306     5886.5682     5997.6990    65419    1.89%            x940 D    340    339     38
    355   256     5959.1638   260     5886.5682     5997.6239    67730    1.89%            x606 N    355    327     26
    357   258     5925.4384   251     5886.5682     5997.2761    70897    1.88%            x177 N    357    329     28
    359   259     5976.9511   320     5886.5682     5996.8428    73108    1.87%            x296 N    359    349     48
    360   260     5953.2840   216     5886.5682     5996.3924    74466    1.87%            x271 N    360    351     50
    367   267     5978.6165   308     5886.5682     5996.3907    75734    1.87%            x813 N    367    365     57
    369   269     5972.0941   281     5886.5682     5995.8791    77690    1.86%             x72 N    369    361     53
Elapsed time = 115.81 sec. (68365.78 ticks, tree = 31.86 MB, solutions = 10)
    371   271     5967.7463   178     5886.5682     5995.2496    79422    1.85%            x516 N    371    364     56
    378   278     5989.5354   258     5886.5682     5995.0003    81138    1.84%            x706 N    378    366     58
    380   280     5977.3997   287     5886.5682     5993.9931    82670    1.82%            x945 N    380    373     60
    382   282     5971.6820   226     5886.5682     5993.9701    84210    1.82%            x844 N    382    376     63
    388   288     5901.8198   117     5886.5682     5993.4765    87012    1.82%            x850 N    388      7      7
    389   289     5918.9367   163     5886.5682     5993.3823    88910    1.81%             x78 N    389    383     64
    395   295     5975.4106   190     5886.5682     5992.2185    90436    1.79%            x857 N    395    393     70
    397   297     5986.4238   260     5886.5682     5991.5633    92132    1.78%            x211 N    397      8      8
    399   299     5971.5672   199     5886.5682     5990.3784    94055    1.76%            x689 N    399      9      9
    404   304     5980.0891   182     5886.5682     5989.5080    95614    1.75%            x625 N    404    402     73
Elapsed time = 135.48 sec. (82454.48 ticks, tree = 39.54 MB, solutions = 10)
    410   310     5962.7191   290     5886.5682     5989.4844    97468    1.75%            x913 N    410    408     62
    412   312     5931.8903   273     5886.5682     5989.0399    98927    1.74%            x266 N    412    406     60
    414   314     5965.1727   253     5886.5682     5988.7164   100692    1.74%            x933 N    414     11     11
    416   316     5961.1971   274     5886.5682     5988.3352   102180    1.73%            x626 N    416     14     13
    420   320     5986.8416   236     5886.5682     5988.0582   102859    1.72%            x209 N    420    419     65
    423   321     5976.5773   232     5886.5682     5987.9684   105260    1.72%            x704 N    423     18     16
    428   326     5985.7509   217     5886.5682     5987.7468   106520    1.72%            x320 N    428    427     75
    430   328     5979.1720   247     5886.5682     5987.5611   107747    1.72%             x35 N    430     20     18
    440   338     5986.2547   201     5886.5682     5986.9698   108662    1.71%            x560 D    440    439     28
    451   348     5911.4150   138     5886.5682     5986.8364   110846    1.70%            x622 N    451    420     66
Elapsed time = 155.58 sec. (95580.71 ticks, tree = 51.23 MB, solutions = 10)
    455   352     5977.6832   206     5886.5682     5986.4178   112223    1.70%             x91 N    455     26     24
    470   366     5986.1520   243     5886.5682     5986.3470   112286    1.70%            x767 D    470    469     23
    496   392     5929.0589    73     5886.5682     5986.3470   113046    1.70%            x308 N    496    494     48
    498   394     5898.8476   121     5886.5682     5986.2812   116057    1.69%            x672 N    498    437     26
    520   413     5985.3118   217     5886.5682     5986.2730   116556    1.69%            x940 N    520    519     38
    525   418     5975.6862   254     5886.5682     5986.2125   118875    1.69%            x461 N    525     29     26
    527   420     5924.8081   162     5886.5682     5986.1303   121673    1.69%            x606 N    527    467     21
    530   421        cutoff           5886.5682     5986.0424   124074    1.69%            x766 U    530    442     31
    533   422     5905.0080   248     5886.5682     5985.9423   126919    1.69%            x443 N    533    475     29
    540   428     5985.1257   196     5886.5682     5985.9416   127031    1.69%            x560 D    540    539     33
Elapsed time = 179.78 sec. (107023.86 ticks, tree = 70.32 MB, solutions = 10)
    558   442        cutoff           5886.5682     5985.8920   128721    1.69%              x7 N    558    556     51
    562   440     5926.6331   114     5886.5682     5985.7167   130755    1.68%            x296 N    562    485     39
    565   443     5898.2195    64     5886.5682     5985.6194   132430    1.68%            x329 N    565    446     35
    567   445     5911.1423    68     5886.5682     5985.5245   134196    1.68%            x979 N    567    487     41
    570   448     5984.0496   222     5886.5682     5985.4351   135080    1.68%            x844 D    570    569     69
    573   451     5898.7883   133     5886.5682     5985.3335   138381    1.68%            x672 N    573    503     22
    580   457     5940.7547   281     5886.5682     5985.2205   140974    1.68%            x813 N    580    578     52
    590   464     5985.0971   212     5886.5682     5985.1603   142812    1.67%            x161 D    590    589     25
    613   487     5984.5624   176     5886.5682     5985.1603   142965    1.67%              x7 D    613    612     48
    621   495     5933.5636   100     5886.5682     5985.1594   145216    1.67%            x387 N    621    586     22
Elapsed time = 202.76 sec. (119255.08 ticks, tree = 87.48 MB, solutions = 10)
    630   503     5900.1030   201     5886.5682     5985.0668   146548    1.67%            x160 N    630    628     37
    632   505     5896.1172   278     5886.5682     5985.0170   149138    1.67%            x160 N    632    590     26
    634   505     5906.6022   283     5886.5682     5985.0103   151751    1.67%            x443 N    634    592     28
    640   511     5984.5797   205     5886.5682     5984.9980   152593    1.67%            x810 D    640    638     45
    647   516        cutoff           5886.5682     5984.9980   154544    1.67%              x7 U    647    644     50
    650   519     5924.7318   158     5886.5682     5984.9192   157297    1.67%            x606 N    650    595     31
    652   521     5950.8737   232     5886.5682     5984.9152   158702    1.67%            x776 N    652    493     47
    654   522     5896.0700   116     5886.5682     5984.8827   161284    1.67%            x177 N    654    540     34
    664   530     5984.0954   180     5886.5682     5984.8685   162120    1.67%            x209 D    664    663     61
    686   551     5895.6584   104     5886.5682     5984.7215   167307    1.67%            x161 N    686    684     34
Elapsed time = 227.50 sec. (135608.89 ticks, tree = 102.40 MB, solutions = 10)
    700   563     5898.0852   107     5886.5682     5984.5421   173099    1.66%            x672 N    700    588     24
    708   568        cutoff           5886.5682     5984.3059   180088    1.66%            x767 U    708    447     36
    714   572     5898.0174    81     5886.5682     5984.0849   185054    1.66%            x672 N    714    460     14
    728   584     5928.6836   220     5886.5682     5983.9403   190103    1.65%            x468 N    728    642     48
    750   602     5982.9412   185     5886.5682     5983.7819   195453    1.65%            x945 D    750    749     57
    768   620     5904.6359    82     5886.5682     5983.6765   200411    1.65%            x468 N    768    692     54
    780   632     5939.3954   226     5886.5682     5983.6016   205544    1.65%            x271 N    780    489     43
    800   652     5983.0277   170     5886.5682     5983.4533   209423    1.65%            x944 D    800    799     50
    810   662     5948.2190   204     5886.5682     5983.3372   215571    1.64%            x604 N    810     38     34
    817   667     5926.6331   124     5886.5682     5983.2286   220661    1.64%            x296 N    817    680     47
Elapsed time = 288.04 sec. (177682.96 ticks, tree = 135.43 MB, solutions = 10)
Nodefile size = 8.39 MB
    823   672     5919.5888   131     5886.5682     5983.1345   225077    1.64%            x701 N    823    798     49
    828   677     5924.3991   121     5886.5682     5982.9578   230955    1.64%             x44 N    828    792     79
    840   685     5960.1825   158     5886.5682     5982.7890   234264    1.63%             x77 U    840    720     61
    855   698     5925.2233    86     5886.5682     5982.6781   238998    1.63%             x23 N    855    716     57
    871   710     5948.9528   206     5886.5682     5982.4435   244121    1.63%            x776 N    871    747     55
    881   720     5912.4429   114     5886.5682     5982.3481   247347    1.63%             x44 U    881    859     42
    898   735     5934.9071   203     5886.5682     5982.2479   252348    1.63%            x813 N    898    896     61
    913   750     5919.7109   201     5886.5682     5982.1928   257737    1.62%            x802 N    913    744     52
    920   753     5926.5329   122     5886.5682     5981.9289   262448    1.62%            x296 U    920    846     50
    934   767     5925.7141   323     5886.5682     5981.7810   266383    1.62%            x203 N    934    213     43
Elapsed time = 347.93 sec. (221168.65 ticks, tree = 167.66 MB, solutions = 10)
Nodefile size = 40.63 MB
    948   779     5980.6184   166     5886.5682     5981.6376   269755    1.62%            x802 D    948    947     57
    953   784     5928.8962    90     5886.5682     5981.5168   274484    1.61%            x945 U    953    884     67
    960   791     5980.7167   175     5886.5682     5981.5022   276495    1.61%            x940 D    960    959     45
    982   811     5907.1729    89     5886.5682     5981.3461   280760    1.61%            x837 U    982    802     53
    988   817     5926.4915   124     5886.5682     5981.2509   286244    1.61%            x296 U    988    968     51
*  1000+  827                         5889.1902     5981.1887   287410    1.56%
*  1000+  827                         5891.0469     5981.1887   287410    1.53%
*  1000+  827                         5892.9572     5981.1887   287410    1.50%
   1000   829     5980.1505   170     5892.9572     5981.1887   287410    1.50%            x329 D   1000    999     48
   1005   834     5921.6235   191     5892.9572     5981.1557   292489    1.50%            x802 N   1005    894     59
   1014   839        cutoff           5892.9572     5981.1201   300293    1.50%            x329 U   1014   1012     50
   1031   852     5934.7416   169     5892.9572     5980.9479   303972    1.49%            x271 N   1031    945     55
   1039   858     5947.6899   156     5892.9572     5980.8798   308503    1.49%            x604 U   1039    879     75
Elapsed time = 420.71 sec. (281348.80 ticks, tree = 198.48 MB, solutions = 13)
Nodefile size = 71.28 MB
   1099   914     5898.0879   129     5892.9572     5980.7773   312513    1.49%            x672 N   1099    976     41
*  1100+  913                         5893.4275     5980.7773   312780    1.48%
   1111   922        cutoff           5893.4275     5980.7390   315862    1.48%            x940 U   1111    519     38
   1117   926     5898.2195    57     5893.4275     5980.6631   321843    1.48%            x329 U   1117   1063     25
   1127   934     5897.9597    95     5893.4275     5980.6248   327973    1.48%            x672 U   1127   1056     18
   1134   936     5919.5888   125     5893.4275     5980.5411   333329    1.48%            x701 N   1134   1067     29
   1146   948     5944.7995   144     5893.4275     5980.4401   338476    1.48%            x671 N   1146    937     69
   1152   950     5916.6362   160     5893.4275     5980.3776   343693    1.48%            x802 N   1152   1077     39
   1159   957     5917.8538    97     5893.4275     5980.3252   349824    1.47%            x878 N   1159   1085     47
   1174   972     5926.9649   208     5893.4275     5980.2931   354216    1.47%            x468 U   1174    964     49
   1184   980     5894.9345   232     5893.4275     5980.2525   359555    1.47%            x479 N   1184    216     46
Elapsed time = 484.32 sec. (324097.55 ticks, tree = 239.16 MB, solutions = 14)
Nodefile size = 112.31 MB
   1191   985     5961.1821   243     5893.4275     5980.2184   365575    1.47%            x560 N   1191    325     24
   1207   997     5979.9770   254     5893.4275     5980.0917   369114    1.47%             x44 N   1207    993     67
   1223  1010     5902.1759   239     5893.4275     5980.0323   373372    1.47%            x443 N   1223   1055     17
   1230  1013     5952.5431   141     5893.4275     5979.9460   377845    1.47%            x516 U   1230   1094     56
   1240  1021     5919.5888   134     5893.4275     5979.8575   382247    1.47%            x701 U   1240   1175     50
   1260  1041     5930.0706   143     5893.4275     5979.7317   385765    1.46%            x945 N   1260   1021     67
   1272  1045     5979.4453   166     5893.4275     5979.6079   389517    1.46%            x757 D   1272   1271     60
   1282  1049     5921.3983   190     5893.4275     5979.4933   393581    1.46%            x952 N   1282   1251     62
   1289  1053     5938.0073   195     5893.4275     5979.4029   398349    1.46%            x479 N   1289   1093     55
   1300  1062     5920.4911   232     5893.4275     5979.3326   402114    1.46%            x810 N   1300    969     52
Elapsed time = 540.71 sec. (366177.87 ticks, tree = 269.48 MB, solutions = 14)
Nodefile size = 142.46 MB
   1313  1073     5978.4728   165     5893.4275     5979.2808   405501    1.46%             x91 N   1313   1312     71
   1328  1088     5924.0661   121     5893.4275     5979.1849   409207    1.46%            x606 N   1328   1326     54
   1345  1101     5950.2511   143     5893.4275     5979.1234   413348    1.45%            x320 N   1345    426     75
   1360  1114     5979.0383   170     5893.4275     5979.0335   416826    1.45%              x7 D   1360   1171     59
   1370  1122     5931.9716   164     5893.4275     5978.9669   421555    1.45%            x165 N   1370   1360     60
   1380  1130     5924.1462   121     5893.4275     5978.9214   425544    1.45%            x606 U   1380   1351     54
   1411  1161     5944.1095   122     5893.4275     5978.8593   428685    1.45%            x671 N   1411   1262     73
   1421  1171     5915.5584   200     5893.4275     5978.7968   432769    1.45%            x190 N   1421    735     42
   1440  1184     5945.9932    78     5893.4275     5978.6694   437800    1.45%            x604 N   1440   1438     69
   1450  1188     5896.3754   167     5893.4275     5978.5917   442242    1.45%            x387 N   1450   1448     59
Elapsed time = 602.73 sec. (409652.61 ticks, tree = 313.68 MB, solutions = 14)
Nodefile size = 185.94 MB
   1455  1193     5907.0035    85     5893.4275     5978.5694   446067    1.44%            x837 U   1455   1352     55
   1460  1197     5933.1599   212     5893.4275     5978.4759   450689    1.44%             x72 U   1460   1398     40
   1474  1211     5945.7552   109     5893.4275     5978.3882   454933    1.44%            x604 U   1474   1472     66
   1482  1213     5895.6584    95     5893.4275     5978.2966   459353    1.44%            x161 U   1482    874     43
   1492  1221     5912.4429   110     5893.4275     5978.1434   463752    1.44%             x44 U   1492   1386     28
   1508  1231     5932.3154   155     5893.4275     5977.9896   467167    1.43%            x271 N   1508   1506     59
   1544  1253        cutoff           5893.4275     5977.9533   470794    1.43%            x991 U   1544   1542     76
   1571  1265     5931.3855   154     5893.4275     5977.9529   474078    1.43%            x271 N   1571   1569     59
   1586  1276        cutoff           5893.4275     5977.8409   477631    1.43%            x944 U   1586    520     39
   1600  1290     5976.8080   147     5893.4275     5977.8032   480377    1.43%            x461 D   1600   1320     74
Elapsed time = 661.78 sec. (453137.01 ticks, tree = 350.36 MB, solutions = 14)
Nodefile size = 222.88 MB
   1610  1300     5976.4956   156     5893.4275     5977.7181   484109    1.43%            x203 D   1610   1609     66
   1620  1308     5916.3210   121     5893.4275     5977.6714   487480    1.43%            x165 N   1620   1081     43
   1627  1313     5913.5259   125     5893.4275     5977.6052   491182    1.43%            x701 N   1627    517     36
   1639  1319     5938.9203   264     5893.4275     5977.5319   495345    1.43%            x813 N   1639   1405     47
   1668  1348     5932.0752   174     5893.4275     5977.4747   497896    1.43%             x72 U   1668   1568     58
   1679  1357     5929.8708   289     5893.4275     5977.3799   501707    1.42%            x266 N   1679    380     61
   1691  1361     5901.0149   209     5893.4275     5977.2735   505569    1.42%            x160 U   1691   1644     22
   1700  1370     5902.4001    99     5893.4275     5977.1711   509365    1.42%            x590 N   1700   1698     78
   1706  1370        cutoff           5893.4275     5977.0751   513502    1.42%            x177 U   1706   1646     24
   1720  1384     5921.1900   184     5893.4275     5977.0505   516430    1.42%            x802 N   1720   1514     57
Elapsed time = 717.53 sec. (495005.55 ticks, tree = 385.51 MB, solutions = 14)
Nodefile size = 257.99 MB
   1731  1393     5918.0224   161     5893.4275     5976.9889   520175    1.42%            x802 U   1731   1592     59
   1748  1408     5948.6539   110     5893.4275     5976.9119   523558    1.42%            x126 U   1748   1745     63
   1759  1419     5916.9002   105     5893.4275     5976.8665   527894    1.42%            x878 U   1759   1507     60
   1766  1424     5944.4822   128     5893.4275     5976.8282   531234    1.42%            x671 U   1766   1764     69
   1780  1434     5975.6537   144     5893.4275     5976.7763   534758    1.41%             x78 D   1780   1779     76
   1786  1438     5946.2753   155     5893.4275     5976.7202   538277    1.41%            x203 U   1786   1575     52
   1802  1453     5916.0905   188     5893.4275     5976.6529   543186    1.41%            x190 N   1802   1800     33
   1813  1462     5930.8058   147     5893.4275     5976.6065   546542    1.41%            x271 U   1813   1590     61
   1840  1487     5976.0786   194     5893.4275     5976.5723   549864    1.41%            x296 D   1840   1839     36
   1860  1505     5976.2618   179     5893.4275     5976.4939   552901    1.41%            x945 D   1860   1859     47
Elapsed time = 775.87 sec. (535730.25 ticks, tree = 431.47 MB, solutions = 14)
Nodefile size = 303.85 MB
   1875  1520     5936.4169   135     5893.4275     5976.4223   556396    1.41%            x958 N   1875   1616     72
   1879  1522     5901.4268   209     5893.4275     5976.4020   560834    1.41%            x160 N   1879   1821     19
   1891  1534     5904.2409    93     5893.4275     5976.3706   564141    1.41%             x72 N   1891   1716     44
   1899  1540     5905.6221   172     5893.4275     5976.3074   568683    1.41%            x810 U   1899   1374     55
   1905  1544     5911.9805   139     5893.4275     5976.2539   572275    1.41%            x165 N   1905   1774     64
   1921  1556     5925.5561    65     5893.4275     5976.1844   575573    1.40%            x172 N   1921   1919     82
   1930  1561     5975.6467   181     5893.4275     5976.1326   579122    1.40%            x165 D   1930   1929     48
   1940  1571     5931.6037   153     5893.4275     5976.0693   582621    1.40%            x271 U   1940   1711     59
   1951  1582     5905.3964    60     5893.4275     5975.9344   586924    1.40%             x91 N   1951   1949     79
   1965  1596     5961.4133   245     5893.4275     5975.8797   589386    1.40%            x681 N   1965   1963     21
Elapsed time = 830.34 sec. (576849.11 ticks, tree = 467.67 MB, solutions = 14)
Nodefile size = 340.37 MB
   1972  1603     5935.9953   343     5893.4275     5975.8289   592866    1.40%            x813 N   1972   1846     42
   1981  1611     5899.6547   196     5893.4275     5975.7927   596513    1.40%            x160 U   1981   1880     31
   1992  1620     5930.9544   199     5893.4275     5975.7584   599914    1.40%            x479 N   1992   1867     53
*  2000+ 1624                         5894.5375     5975.7133   601537    1.38%
   2000  1626     5975.4700   173     5894.5375     5975.7133   601537    1.38%            x776 D   2000   1999     49
   2014  1638        cutoff           5894.5375     5975.6888   604671    1.38%            x965 U   2014   1849     45
   2025  1641        cutoff           5894.5375     5975.6525   608215    1.38%            x443 U   2025   2023     29
   2035  1647     5915.9629   181     5894.5375     5975.5997   611506    1.38%            x468 N   2035   2033     35
   2050  1660     5898.2195    57     5894.5375     5975.5658   615863    1.37%            x329 U   2050   1973     55
   2060  1670     5948.2227   153     5894.5375     5975.5413   619227    1.37%            x479 N   2060   1873     68
   2072  1682     5944.9930   141     5894.5375     5975.4498   622034    1.37%            x776 N   2072   1999     49
Elapsed time = 895.85 sec. (631026.10 ticks, tree = 502.10 MB, solutions = 15)
Nodefile size = 374.62 MB
   2079  1689     5951.6131   155     5894.5375     5975.4215   626709    1.37%            x266 U   2079   1814     79
   2084  1694     5914.1186   207     5894.5375     5975.3971   629285    1.37%             x91 N   2084   1689     63
*  2100+ 1707                         5896.4842     5975.3129   631955    1.34%
*  2100+ 1707                         5897.7375     5975.3129   631955    1.32%
*  2100+ 1707                         5898.5480     5975.3129   631955    1.30%
*  2100+ 1707                         5898.5643     5975.3129   631955    1.30%
*  2100+ 1707                         5898.9870     5975.3129   631955    1.29%
*  2100+ 1707                         5899.0354     5975.3129   631955    1.29%
*  2100+ 1707                         5899.0856     5975.3129   631955    1.29%
*  2100+ 1707                         5899.7175     5975.3129   631955    1.28%
*  2100+ 1707                         5900.1172     5975.3129   631955    1.27%
*  2100+ 1707                         5902.1169     5975.3129   631955    1.24%
   2100  1709     5974.3532   183     5902.1169     5975.3089   631955    1.24%            x308 N   2100    395     71
   2120  1725     5935.2429   209     5902.1169     5975.2558   635924    1.24%            x387 N   2120   1702     54
   2129  1730     5922.6116   179     5902.1169     5975.1651   639897    1.24%            x952 U   2129   2089     58
   2138  1736        cutoff           5902.1169     5975.1026   642988    1.24%              x7 U   2138   1997     47
   2145  1735        cutoff           5902.1169     5974.9925   646351    1.23%            x190 U   2145   2112     37
   2157  1738        cutoff           5902.1169     5974.9198   649504    1.23%             x44 U   2157   2043     63
   2162  1743     5920.8309   241     5902.1169     5974.8669   653456    1.23%            x850 N   2162   1959     17
   2180  1760     5903.4594   266     5902.1169     5974.7751   658113    1.23%            x296 N   2180   2178     37
Elapsed time = 962.12 sec. (682440.72 ticks, tree = 534.63 MB, solutions = 25)
Nodefile size = 407.65 MB
   2198  1773     5974.2333   142     5902.1169     5974.7175   660938    1.23%            x461 D   2198   2196     62
   2204  1779     5919.1746   257     5902.1169     5974.6884   665033    1.23%            x810 N   2204   2113     38
   2207  1780        cutoff           5902.1169     5974.6573   668379    1.23%            x161 U   2207   2024     30
   2211  1782     5919.3573   260     5902.1169     5974.6248   670721    1.23%            x810 N   2211   2104     38
   2229  1798     5940.2805   241     5902.1169     5974.5748   673234    1.23%            x468 N   2229   2227     55
   2234  1803     5961.7842   176     5902.1169     5974.5450   675688    1.23%            x413 N   2234   2054     81
   2247  1814     5938.1574   222     5902.1169     5974.4846   678683    1.23%            x813 U   2247   2061     65
   2258  1823     5916.5371    82     5902.1169     5974.4428   681802    1.23%            x642 U   2258   2152     42
   2265  1826     5913.5334    75     5902.1169     5974.4206   685889    1.23%            x560 U   2265   2108     42
   2271  1832     5943.9784   128     5902.1169     5974.3824   688936    1.22%            x387 N   2271   2134     55
Elapsed time = 1016.92 sec. (723329.07 ticks, tree = 564.93 MB, solutions = 25)
Nodefile size = 437.44 MB
   2282  1841        cutoff           5902.1169     5974.3103   691732    1.22%            x590 U   2282   2067     74
   2298  1857     5922.8417   325     5902.1169     5974.2274   695309    1.22%            x461 N   2298   2081     64
   2307  1862     5907.8558    52     5902.1169     5974.1694   698943    1.22%            x979 U   2307   2305     63
   2317  1870     5926.0195   150     5902.1169     5974.0834   702087    1.22%             x72 N   2317   2154     44
   2326  1879     5930.4789   157     5902.1169     5973.9615   705649    1.22%            x165 N   2326   1935     60
   2334  1885        cutoff           5902.1169     5973.9119   708517    1.22%            x837 U   2334   2250     59
   2345  1896     5924.2642   245     5902.1169     5973.8881   711443    1.22%            x190 U   2345   2342     44
   2357  1904     5907.1729    89     5902.1169     5973.7902   714249    1.21%            x837 U   2357   2179     38
   2364  1910     5924.9029    84     5902.1169     5973.7383   717519    1.21%             x23 U   2364   2311     46
   2375  1919     5968.5346   249     5902.1169     5973.6847   720889    1.21%             x72 N   2375    232     59
Elapsed time = 1073.98 sec. (765657.08 ticks, tree = 603.56 MB, solutions = 25)
Nodefile size = 476.64 MB
   2390  1934     5949.4700   118     5902.1169     5973.6826   723873    1.21%            x516 U   2390   2366     65
   2400  1940     5972.6301   138     5902.1169     5973.6021   725451    1.21%            x836 D   2400   2128     83
   2407  1947     5913.0008   123     5902.1169     5973.5675   728477    1.21%            x701 N   2407   2252     61
   2416  1954     5913.9911   250     5902.1169     5973.5255   732194    1.21%            x468 N   2416   2338     41
   2428  1965     5929.7529    93     5902.1169     5973.4875   736153    1.21%            x945 U   2428   2259     69
   2439  1974     5922.9945   121     5902.1169     5973.4686   739009    1.21%            x606 U   2439   2437     50
   2450  1985     5972.6341   145     5902.1169     5973.4299   741604    1.21%            x776 D   2450   2297     71
   2456  1989        cutoff           5902.1169     5973.3903   744453    1.21%            x802 U   2456   2284     44
   2471  2000     5927.7681   145     5902.1169     5973.3161   747420    1.21%            x736 U   2471   2469     50
   2486  2009     5960.8933   191     5902.1169     5973.2181   750373    1.20%            x479 N   2486   2293     58
Elapsed time = 1132.93 sec. (809654.37 ticks, tree = 643.80 MB, solutions = 25)
Nodefile size = 516.46 MB
   2491  2012     5915.8247   271     5902.1169     5973.1625   753133    1.20%            x810 N   2491   2349     30
   2501  2020     5911.9736   205     5902.1169     5973.0789   756157    1.20%            x296 N   2501   2351     32
   2512  2027     5907.4229   254     5902.1169     5973.0027   759365    1.20%            x203 N   2512    354     52
   2520  2035     5904.6952   138     5902.1169     5972.9401   762044    1.20%            x701 N   2520   2115     40
   2535  2046     5926.4183   119     5902.1169     5972.8608   765307    1.20%            x296 U   2535   2245     47
   2540  2051     5935.2484   170     5902.1169     5972.8267   767982    1.20%             x44 N   2540   2538     60
   2554  2064     5952.2914   216     5902.1169     5972.7752   770684    1.20%            x606 N   2554   2516     33
   2563  2071     5942.4873   130     5902.1169     5972.6815   773773    1.20%            x203 N   2563   2421     58
   2571  2075     5923.0943   120     5902.1169     5972.6402   776606    1.19%            x606 U   2571   2444     50
   2581  2081     5932.9828   149     5902.1169     5972.6085   779325    1.19%            x126 N   2581   2580     71
Elapsed time = 1189.15 sec. (851498.83 ticks, tree = 677.46 MB, solutions = 25)
Nodefile size = 550.10 MB
   2610  2100     5964.5000   128     5902.1169     5972.6062   781619    1.19%            x625 U   2610   2400     84
   2621  2111     5929.2062   157     5902.1169     5972.5532   784745    1.19%             x91 U   2621    233     60
   2635  2121        cutoff           5902.1169     5972.5168   787573    1.19%            x209 U   2635   2633     66
   2646  2126     5933.5669   159     5902.1169     5972.4216   790532    1.19%            x736 U   2646   2644     55
   2653  2133     5956.5956   145     5902.1169     5972.3754   793871    1.19%            x259 N   2653   1676     79
   2664  2142     5940.3752   150     5902.1169     5972.2909   797210    1.19%            x266 U   2664   2450     72
   2675  2153     5921.5688   185     5902.1169     5972.2537   799896    1.19%            x802 N   2675   2531     48
   2685  2157     5939.4318   289     5902.1169     5972.2198   803253    1.19%            x813 N   2685   2683     52
   2698  2162     5957.0155   139     5902.1169     5972.1885   806215    1.19%            x836 N   2698   2696     69
   2707  2169     5935.4822   115     5902.1169     5972.1676   808910    1.19%            x844 U   2707   2705     74
Elapsed time = 1248.29 sec. (893347.47 ticks, tree = 719.70 MB, solutions = 25)
Nodefile size = 592.39 MB
   2716  2174     5906.7218   210     5902.1169     5972.0901   811618    1.19%            x736 N   2716   2518     35
   2728  2180        cutoff           5902.1169     5972.0478   815053    1.18%            x810 U   2728   1832     30
   2745  2195     5921.3336   206     5902.1169     5971.9614   817953    1.18%            x736 N   2745   2742     53
   2759  2205     5959.2615   122     5902.1169     5971.8429   820668    1.18%             x91 U   2759   2757     54
   2767  2211     5933.0808   141     5902.1169     5971.8135   823666    1.18%            x209 N   2767   2765     62
   2776  2220     5917.1524   341     5902.1169     5971.7858   826655    1.18%            x813 N   2776   2530     47
   2783  2223     5945.1407   135     5902.1169     5971.7178   829180    1.18%            x479 U   2783   2499     69
   2793  2227        cutoff           5902.1169     5971.6463   832375    1.18%            x387 U   2793   2791     65
   2805  2235     5932.4578   281     5902.1169     5971.5672   835532    1.18%            x461 N   2805    235     62
   2853  2283     5937.3191   225     5902.1169     5971.5672   838332    1.18%            x736 N   2853   2827     32
Elapsed time = 1312.20 sec. (937118.85 ticks, tree = 774.93 MB, solutions = 25)
Nodefile size = 648.04 MB
   2862  2288     5938.6020   118     5902.1169     5971.4981   842369    1.18%            x590 N   2862   2634     67
   2871  2296     5931.3036   311     5902.1169     5971.4316   845784    1.17%            x461 N   2871   2692     57
   2890  2311     5935.0902   222     5902.1169     5971.3393   849352    1.17%            x203 N   2890   2888     58
   2902  2318     5970.4879   159     5902.1169     5971.2895   852273    1.17%            x776 D   2902   2901     56
   2914  2324        cutoff           5902.1169     5971.2242   854734    1.17%            x836 U   2914   2660     75
   2921  2329     5912.2368    85     5902.1169     5971.1827   857208    1.17%            x979 U   2921   2884     55
   2931  2336     5954.1167   156     5902.1169     5971.1413   860084    1.17%            x266 N   2931   2929     66
   2946  2347     5926.6021   126     5902.1169     5971.0596   862919    1.17%            x203 N   2946   2944     58
   2955  2354     5924.5505   131     5902.1169     5970.9929   865869    1.17%             x44 N   2955   2222     50
   2966  2358     5933.1315   205     5902.1169     5970.9242   868699    1.17%             x72 U   2966   1841     38
Elapsed time = 1369.55 sec. (979618.41 ticks, tree = 812.42 MB, solutions = 25)
Nodefile size = 685.63 MB
   2975  2362     5921.4694   175     5902.1169     5970.8600   871808    1.16%            x203 N   2975   2936     55
   2990  2371     5970.1506   148     5902.1169     5970.8177   873810    1.16%            x952 D   2990   2989     58
*  3000+ 2373                         5902.2343     5970.7896   874626    1.16%
   3000  2375     5970.4497   148     5902.2343     5970.7896   874626    1.16%            x913 D   3000   2999     57
   3010  2379     5969.9502   247     5902.2343     5970.7532   877390    1.16%            x671 D   3010   3009     64
   3018  2381     5920.7238   119     5902.2343     5970.7223   880025    1.16%            x952 N   3018   2706     75
   3028  2391     5948.8612   129     5902.2343     5970.5982   883192    1.16%            x413 N   3028   3026     69
   3038  2397     5957.6905   142     5902.2343     5970.4904   885824    1.16%            x945 N   3038   3036     73
   3050  2395     5937.6614    91     5902.2343     5970.3440   888809    1.15%            x836 U   3050   2738     82
   3062  2401     5944.1308   110     5902.2343     5970.2741   891603    1.15%            x516 U   3062   2779     71
   3072  2409     5954.8357   116     5902.2343     5970.2154   894170    1.15%            x836 U   3072   2953     77
Elapsed time = 1465.66 sec. (1060550.32 ticks, tree = 838.08 MB, solutions = 26)
Nodefile size = 710.82 MB
   3080  2413        cutoff           5902.2343     5970.1919   897701    1.15%            x479 U   3080   2889     59
   3088  2417     5907.5252   180     5902.2343     5970.1434   900401    1.15%            x590 N   3088   2949     69
*  3100+ 2423                         5903.9517     5970.1097   902304    1.12%
   3100  2425     5969.8056   139     5903.9517     5970.1097   902304    1.12%              x7 D   3100   3099     58
   3114  2437     5968.9163   158     5903.9517     5970.0699   904628    1.12%            x836 D   3114   2953     77
   3126  2447     5931.4417   149     5903.9517     5969.9733   907079    1.12%            x479 N   3126   2943     57
   3133  2450     5968.3954   156     5903.9517     5969.9360   909395    1.12%            x626 D   3133   2725     84
   3146  2460     5943.3612   103     5903.9517     5969.8966   911912    1.12%            x516 N   3146   3144     73
   3152  2466     5919.9617   272     5903.9517     5969.8820   914088    1.12%            x913 N   3152    377     63
   3165  2477     5939.7729   196     5903.9517     5969.8255   916832    1.12%             x44 N   3165   3120     44
   3180  2488     5914.5100    79     5903.9517     5969.7369   919162    1.11%            x958 U   3180   3095     68
Elapsed time = 1523.93 sec. (1102654.67 ticks, tree = 877.86 MB, solutions = 27)
Nodefile size = 751.27 MB
   3189  2497     5916.0593   167     5903.9517     5969.6706   921943    1.11%             x91 N   3189   2995     58
   3197  2505     5949.0472   162     5903.9517     5969.6096   924777    1.11%            x913 N   3197   3195     75
   3210  2514     5938.3851   120     5903.9517     5969.5347   927054    1.11%            x776 N   3210   3208     75
   3220  2522     5948.7367   117     5903.9517     5969.4202   929740    1.11%            x706 N   3220   3002     60
   3224  2526     5952.6163   202     5903.9517     5969.3725   932287    1.11%            x913 N   3224   3033     78
   3229  2531     5917.8034   101     5903.9517     5969.3019   934760    1.11%            x878 U   3229   1857     45
   3237  2539     5968.7864   135     5903.9517     5969.2570   936998    1.11%            x757 D   3237   3030     70
   3250  2546     5967.5853   136     5903.9517     5969.2092   938909    1.11%            x626 D   3250   3249     77
   3263  2555     5922.2933   127     5903.9517     5969.0814   941624    1.10%            x165 U   3263   3069     68
   3272  2560     5968.1521   258     5903.9517     5968.9968   943987    1.10%             x91 D   3272   2910     63
Elapsed time = 1577.85 sec. (1143351.87 ticks, tree = 915.43 MB, solutions = 27)
Nodefile size = 788.45 MB
   3282  2570     5911.6136    62     5903.9517     5968.9669   946574    1.10%            x209 U   3282   3187     77
   3290  2576     5968.7551   144     5903.9517     5968.9300   948761    1.10%             x78 D   3290   3178     63
   3303  2587     5909.1948    82     5903.9517     5968.8998   951340    1.10%            x209 U   3303   3301     76
   3315  2589        cutoff           5903.9517     5968.8049   953740    1.10%            x165 U   3315   3313     60
   3323  2597     5923.5336   116     5903.9517     5968.7052   955732    1.10%            x209 N   3323   3184     72
   3335  2605     5968.5997   253     5903.9517     5968.5969   958995    1.09%            x320 D   3335   3013     57
   3348  2616     5916.2964   159     5903.9517     5968.5330   961642    1.09%             x44 N   3348   3346     66
   3359  2625     5912.5988   168     5903.9517     5968.4203   964671    1.09%            x952 N   3359   3357     68
   3367  2631        cutoff           5903.9517     5968.3843   967306    1.09%            x329 U   3367   2810     15
   3377  2639     5913.5546    65     5903.9517     5968.2984   969707    1.09%            x642 N   3377   3149     65
Elapsed time = 1632.15 sec. (1183737.19 ticks, tree = 956.14 MB, solutions = 27)
Nodefile size = 829.19 MB
   3387  2649     5967.9966   238     5903.9517     5968.2244   971864    1.09%             x44 N   3387   3235     58
   3396  2658     5933.1829   146     5903.9517     5968.2029   975234    1.09%            x979 N   3396   3394     50
   3405  2664        cutoff           5903.9517     5968.1546   978006    1.09%             x44 U   3405   3235     58
   3415  2668     5918.5180   157     5903.9517     5968.0936   980516    1.09%            x516 N   3415   3218     60
   3432  2680     5919.8322    77     5903.9517     5968.0133   983154    1.09%            x626 U   3432   3304     71
   3444  2692     5919.2424    78     5903.9517     5967.9149   985759    1.08%            x209 U   3444   3442     62
   3457  2699     5921.5018   134     5903.9517     5967.8267   988839    1.08%            x165 N   3457   2740     51
   3485  2726     5920.9735    34     5903.9517     5967.8108   991309    1.08%             x34 U   3485   3483     91
   3534  2767     5967.5321   132     5903.9517     5967.7781   993167    1.08%            x126 D   3534   3533     41
   3551  2776        cutoff           5903.9517     5967.7399   995490    1.08%            x308 U   3551   3238     72
Elapsed time = 1697.52 sec. (1226009.05 ticks, tree = 1024.98 MB, solutions = 27)
Nodefile size = 898.42 MB
   3560  2780     5966.8681   143     5903.9517     5967.6824   997810    1.08%            x991 N   3560   3147     70
   3564  2784     5927.4739   190     5903.9517     5967.6662  1000520    1.08%            x913 N   3564   3302     77
   3573  2793     5950.9756   100     5903.9517     5967.6221  1003069    1.08%            x978 U   3573   3571     79
   3580  2796     5944.4336    95     5903.9517     5967.5351  1005975    1.08%            x622 U   3580   3461     72
   3592  2804     5917.2534   135     5903.9517     5967.4724  1008928    1.08%            x945 N   3592    371     57
   3615  2825     5949.0770    93     5903.9517     5967.4434  1011121    1.08%            x836 U   3615   3613     68
   3628  2833        cutoff           5903.9517     5967.3195  1014177    1.07%             x78 U   3628   3626     64
   3640  2840     5965.5387   235     5903.9517     5967.2494  1017541    1.07%            x836 N   3640   3639     71
   3644  2844     5930.5571   193     5903.9517     5967.2397  1020353    1.07%            x271 N   3644   2828     33
   3653  2851     5919.9693   184     5903.9517     5967.1997  1023150    1.07%            x209 N   3653   3390     61
Elapsed time = 1753.91 sec. (1266856.70 ticks, tree = 1064.79 MB, solutions = 27)
Nodefile size = 937.56 MB
   3662  2858     5963.1444   192     5903.9517     5967.1675  1025538    1.07%            x259 N   3662   1669     78
   3674  2860     5918.2585   153     5903.9517     5967.0754  1028324    1.07%            x516 N   3674   3672     62
   3691  2868     5934.3109   238     5903.9517     5966.9835  1031238    1.07%            x461 N   3691   3400     71
   3705  2880     5920.2726   102     5903.9517     5966.9152  1033505    1.07%            x209 N   3705   3538     46
   3715  2888     5950.7540   186     5903.9517     5966.8159  1035980    1.06%            x952 N   3715   3423     78
   3723  2895     5966.2928   275     5903.9517     5966.7567  1038429    1.06%            x671 D   3723   3430     62
   3732  2902     5964.9969   140     5903.9517     5966.7351  1040502    1.06%            x209 D   3732   3560     71
   3740  2910     5946.6848   143     5903.9517     5966.6998  1043445    1.06%            x604 U   3740   3425     66
   3744  2914     5945.1328   194     5903.9517     5966.6724  1045809    1.06%            x671 N   3744    661     59
   3752  2922     5944.7156   148     5903.9517     5966.6430  1047926    1.06%            x266 U   3752   3274     74
Elapsed time = 1807.87 sec. (1307148.98 ticks, tree = 1102.23 MB, solutions = 27)
Nodefile size = 975.22 MB
   3762  2927     5929.2821    77     5903.9517     5966.6070  1050373    1.06%            x590 U   3762   3386     71
   3777  2940     5950.5299   108     5903.9517     5966.5527  1052484    1.06%            x281 U   3777   3775     88
   3788  2949     5940.8994   108     5903.9517     5966.4878  1054839    1.06%            x172 U   3788   3786     70
   3801  2958        cutoff           5903.9517     5966.4138  1057830    1.06%            x468 U   3801   2382     36
   3814  2968     5958.5958   143     5903.9517     5966.3158  1059908    1.06%            x413 N   3814   3437     85
   3824  2975     5929.0956   219     5903.9517     5966.2355  1062577    1.05%            x468 U   3824   2820     25
   3832  2977     5915.4510   261     5903.9517     5966.1417  1065590    1.05%            x165 N   3832   2733     36
   3840  2981     5933.5193    71     5903.9517     5966.1001  1068250    1.05%            x308 U   3840   3381     84
   3853  2992     5965.1830   138     5903.9517     5966.0387  1070664    1.05%            x743 D   3853   3193     87
   3870  3007        cutoff           5903.9517     5965.9724  1072979    1.05%            x606 U   3870   3685     68
Elapsed time = 1864.29 sec. (1347550.08 ticks, tree = 1146.91 MB, solutions = 27)
Nodefile size = 1020.00 MB
   3881  3016     5948.0272   233     5903.9517     5965.9037  1076108    1.05%             x77 N   3881   3879     64
   3889  3022     5944.3567    84     5903.9517     5965.8613  1078439    1.05%            x836 U   3889   3749     77
   3904  3035     5912.7115   153     5903.9517     5965.8034  1081525    1.05%             x77 N   3904   3902     67
   3913  3040     5933.1783   117     5903.9517     5965.7246  1084353    1.05%            x172 N   3913   3735     72
   3925  3052     5934.7596    69     5903.9517     5965.6810  1087117    1.05%            x622 U   3925   1815     79
   3940  3067     5964.7614   157     5903.9517     5965.6725  1089122    1.05%            x109 D   3940   3939     80
   3949  3076     5965.5828   184     5903.9517     5965.5945  1091497    1.04%            x836 D   3949   3259     79
   3955  3082     5907.1540   145     5903.9517     5965.5340  1094074    1.04%             x44 N   3955   3640     72
   3975  3099     5924.9489    94     5903.9517     5965.4707  1097317    1.04%            x622 U   3975   3973     81
   3985  3107     5923.1814    79     5903.9517     5965.4093  1100396    1.04%            x626 N   3985   3771     71
Elapsed time = 1922.86 sec. (1389287.06 ticks, tree = 1199.92 MB, solutions = 27)
Nodefile size = 1072.52 MB
   3995  3117     5950.6710   151     5903.9517     5965.3615  1102948    1.04%            x322 U   3995   3811     83
   4000  3122     5956.5405   144     5903.9517     5965.3509  1104037    1.04%            x320 N   4000   2934     77
   4009  3129     5930.7599    80     5903.9517     5965.2609  1106846    1.04%            x109 U   4009   3709     74
   4020  3138     5964.8213   222     5903.9517     5965.1626  1108840    1.04%            x160 D   4020   4019     14
   4036  3152     5963.2972   336     5903.9517     5965.1003  1111200    1.04%            x125 N   4036    317     13
   4050  3164     5915.9809   207     5903.9517     5965.0364  1114354    1.03%            x958 N   4050   3922     73
   4064  3174        cutoff           5903.9517     5964.9877  1117324    1.03%             x78 U   4064   3755     78
   4078  3180     5926.7216   130     5903.9517     5964.9337  1119572    1.03%            x913 U   4078   4076     56
   4090  3188     5964.8900   164     5903.9517     5964.8900  1121698    1.03%            x125 D   4090   4089     25
   4116  3210        cutoff           5903.9517     5964.8862  1125599    1.03%            x844 N   4116   4114     66
Elapsed time = 2024.19 sec. (1473866.19 ticks, tree = 1255.30 MB, solutions = 27)
Nodefile size = 1128.26 MB
   4130  3222     5963.0065   219     5903.9517     5964.8288  1127649    1.03%            x320 N   4130   4129     74
   4136  3222     5906.9139   274     5903.9517     5964.8191  1131507    1.03%            x443 U   4136   4020     15
   4149  3231     5963.1192   186     5903.9517     5964.7490  1133719    1.03%            x308 D   4149   4148     75
   4155  3235     5906.0400   200     5903.9517     5964.7190  1136023    1.03%             x77 N   4155   4153     66
   4169  3244     5904.3958    82     5903.9517     5964.6934  1138825    1.03%            x736 U   4169   4167     46
   4180  3249     5963.8984   220     5903.9517     5964.6476  1141308    1.03%            x626 D   4180   3991     71
   4191  3259     5917.4331   185     5903.9517     5964.6309  1143859    1.03%            x626 N   4191   3991     71
   4203  3267     5921.4214   113     5903.9517     5964.5768  1146903    1.03%            x606 N   4203   4166     45
   4222  3281     5934.3971   139     5903.9517     5964.5095  1149969    1.03%            x776 N   4222   4220     38
   4230  3287     5930.0322   130     5903.9517     5964.4442  1153015    1.02%            x757 U   4230   4014     67
Elapsed time = 2083.41 sec. (1516416.97 ticks, tree = 1296.45 MB, solutions = 27)
Nodefile size = 1169.14 MB
   4235  3290     5928.7351   215     5903.9517     5964.4194  1155802    1.02%            x468 U   4235   4210     28
   4245  3299     5904.1752   131     5903.9517     5964.3845  1158090    1.02%            x165 N   4245   4105     41
   4249  3303     5922.0760   176     5903.9517     5964.3580  1160478    1.02%            x857 N   4249    398     69
   4253  3307     5926.2939    86     5903.9517     5964.3359  1162547    1.02%            x626 U   4253   3934     80
   4264  3318     5919.3097   127     5903.9517     5964.2623  1165080    1.02%            x701 N   4264   3966     40
   4272  3324     5926.6331   115     5903.9517     5964.2066  1168965    1.02%            x296 U   4272   1839     36
   4286  3336     5938.7300    73     5903.9517     5964.1821  1171362    1.02%            x978 U   4286   4284     82
   4295  3343     5919.6334   296     5903.9517     5964.1709  1173718    1.02%            x461 N   4295   4293     62
   4304  3350     5920.0139   184     5903.9517     5964.1224  1176149    1.02%            x626 N   4304   4302     59
   4314  3358     5931.2619   335     5903.9517     5964.0635  1178686    1.02%            x813 N   4314   4217     35
Elapsed time = 2139.71 sec. (1558359.46 ticks, tree = 1336.28 MB, solutions = 27)
Nodefile size = 1208.99 MB
   4325  3367     5922.6116    88     5903.9517     5964.0085  1180961    1.02%            x281 U   4325   4323     81
   4333  3372        cutoff           5903.9517     5963.9509  1183316    1.02%            x165 U   4333   3742     62
   4345  3384     5906.1101   166     5903.9517     5963.9173  1186204    1.02%            x958 N   4345   4124     77
   4359  3396     5927.5040    54     5903.9517     5963.8891  1188899    1.02%            x109 U   4359   3856     84
   4383  3413     5953.7455   160     5903.9517     5963.8705  1190785    1.01%            x320 N   4383   4180     72
   4400  3426     5963.4683   165     5903.9517     5963.8126  1192802    1.01%            x109 D   4400   4399     43
   4417  3442     5928.8473   155     5903.9517     5963.7748  1195322    1.01%            x461 N   4417   4415     47
   4427  3448     5963.4437   123     5903.9517     5963.7161  1197565    1.01%            x857 D   4427    880     75
   4438  3457        cutoff           5903.9517     5963.7054  1199769    1.01%            x590 U   4438   4436     67
   4449  3468     5923.9753    59     5903.9517     5963.6668  1202154    1.01%            x978 U   4449   4448     88
Elapsed time = 2205.15 sec. (1599927.86 ticks, tree = 1397.09 MB, solutions = 27)
Nodefile size = 1269.59 MB
   4463  3480     5925.6200   178     5903.9517     5963.5988  1204309    1.01%            x413 N   4463   4461     75
   4473  3483     5941.1590   136     5903.9517     5963.5173  1206875    1.01%            x626 U   4473   4287     67
   4488  3492     5963.4199   157     5903.9517     5963.4736  1208925    1.01%            x757 D   4488   4014     67
   4494  3498     5930.7676    79     5903.9517     5963.4290  1211997    1.01%            x109 U   4494   4004     88
   4503  3506     5922.6568    93     5903.9517     5963.3935  1214510    1.01%            x281 U   4503   4316     81
   4516  3516        cutoff           5903.9517     5963.3224  1216985    1.01%            x626 U   4516   4514     74
   4528  3524        cutoff           5903.9517     5963.3035  1219460    1.01%            x958 U   4528   4068     74
   4536  3532     5905.2822   174     5903.9517     5963.2759  1222120    1.00%            x671 N   4536   4052     66
   4541  3534        cutoff           5903.9517     5963.2331  1224651    1.00%            x991 U   4541   4402     46
   4551  3543     5912.8693    67     5903.9517     5963.2110  1227569    1.00%            x109 N   4551   4237     60
Elapsed time = 2265.00 sec. (1643045.67 ticks, tree = 1439.18 MB, solutions = 27)
Nodefile size = 1312.02 MB
   4559  3551     5926.5601   206     5903.9517     5963.1851  1229630    1.00%            x387 N   4559   4557     16
   4569  3559     5927.5040    61     5903.9517     5963.1609  1232118    1.00%            x109 U   4569   4390     72
   4583  3563        cutoff           5903.9517     5963.1140  1233966    1.00%            x160 U   4583   4036     14
   4591  3567     5919.8970    67     5903.9517     5963.0879  1236305    1.00%            x109 U   4591   4422     72
   4608  3582     5941.8172   131     5903.9517     5963.0482  1238317    1.00%            x626 U   4608   4606     78
   4615  3588     5927.1003    59     5903.9517     5962.9898  1241067    1.00%            x590 U   4615   4428     77
   4623  3592     5961.9280   102     5903.9517     5962.9555  1243092    1.00%            x281 D   4623   4622     61
   4631  3598     5908.2803   229     5903.9517     5962.9074  1245381    1.00%            x913 N   4631   4434     69
   4633  3600     5931.0100   224     5903.9517     5962.9047  1247378    1.00%            x161 N   4633    328     27
   4640  3603        cutoff           5903.9517     5962.8689  1249993    1.00%            x160 U   4640   2807     12
Elapsed time = 2332.46 sec. (1683677.19 ticks, tree = 1473.62 MB, solutions = 27)
Nodefile size = 1347.52 MB
   4651  3612     5917.3699   192     5903.9517     5962.8179  1252700    1.00%            x991 N   4651   3845     56
   4661  3620     5959.5416   109     5903.9517     5962.7842  1255511    1.00%            x978 D   4661   4260     70
   4674  3633     5927.6297   138     5903.9517     5962.7315  1258409    1.00%            x165 N   4674   3530     38
   4683  3642     5904.9281   103     5903.9517     5962.6899  1261179    0.99%             x78 N   4683   4382     73
   4693  3650     5914.6742   123     5903.9517     5962.6661  1263228    0.99%             x78 U   4693   4482     69
   4704  3660     5956.7567   127     5903.9517     5962.6173  1265817    0.99%            x259 U   4704   3467     77
   4715  3671     5912.0780    86     5903.9517     5962.5223  1268209    0.99%            x979 U   4715   1020     66
   4718  3672     5908.4387    66     5903.9517     5962.5223  1271494    0.99%            x979 U   4718    646     51
   4721  3674     5936.3433   171     5903.9517     5962.5193  1274817    0.99%            x979 N   4721    341     40
   4737  3684        cutoff           5903.9517     5962.4746  1277437    0.99%            x590 U   4737   4478     66
Elapsed time = 2399.78 sec. (1728446.23 ticks, tree = 1522.50 MB, solutions = 27)
Nodefile size = 1396.11 MB
   4745  3692     5923.7940   124     5903.9517     5962.4411  1279719    0.99%            x413 N   4745   4388     84
   4759  3700     5924.9786   107     5903.9517     5962.3491  1282322    0.99%            x622 N   4759   4757     76
   4770  3707        cutoff           5903.9517     5962.2823  1284441    0.99%            x188 U   4770   4768     26
   4784  3719     5937.4905   168     5903.9517     5962.2639  1286759    0.99%            x913 N   4784   4782     57
   4795  3730     5925.3507    66     5903.9517     5962.2364  1289004    0.99%            x590 U   4795   4489     69
   4802  3733     5955.1785   247     5903.9517     5962.2183  1290000    0.99%            x479 N   4802   4800     63
   4811  3740     5931.6666    87     5903.9517     5962.1596  1292029    0.99%            x844 U   4811   4468     78
   4821  3748     5938.3023   132     5903.9517     5962.1201  1294190    0.99%            x776 U   4821   4645     51
   4842  3763     5918.9433    70     5903.9517     5962.0597  1296346    0.98%            x209 U   4842   4658     74
   4857  3772     5933.0518   153     5903.9517     5962.0043  1298448    0.98%            x913 N   4857   4855     75
Elapsed time = 2457.36 sec. (1770245.95 ticks, tree = 1573.39 MB, solutions = 27)
Nodefile size = 1446.08 MB
   4869  3782     5954.2392   169     5903.9517     5961.9540  1300649    0.98%            x913 U   4869   4598     79
   4877  3784        cutoff           5903.9517     5961.9273  1302727    0.98%             x94 N   4877   4767     25
   4888  3791     5948.5319    84     5903.9517     5961.8958  1304947    0.98%            x836 U   4888   4886     81
   4898  3801     5933.8192    71     5903.9517     5961.8542  1306900    0.98%            x308 U   4898   4896     74
   4904  3803     5934.7596    68     5903.9517     5961.8252  1308862    0.98%            x622 U   4904   4694     70
   4918  3814     5907.0603   127     5903.9517     5961.7683  1311031    0.98%            x991 N   4918   4916     53
   4927  3819     5912.5698   212     5903.9517     5961.7289  1313692    0.98%            x177 N   4927   4734     21
   4939  3827        cutoff           5903.9517     5961.6762  1315806    0.98%            x622 U   4939   4712     67
   4949  3833     5961.0351   242     5903.9517     5961.6194  1318009    0.98%            x590 N   4949   4729     67
   4956  3840     5959.4828   296     5903.9517     5961.5612  1320062    0.98%            x813 N   4956    224     52
Elapsed time = 2512.35 sec. (1811553.28 ticks, tree = 1611.90 MB, solutions = 27)
Nodefile size = 1484.53 MB (1484.52 MB after compression)
   4969  3852     5909.0496    83     5903.9517     5961.5003  1322007    0.97%            x978 U   4969   4967     78
   4980  3861     5918.0389    75     5903.9517     5961.4603  1324396    0.97%            x777 N   4980   4713     88
   4988  3869     5908.4717   336     5903.9517     5961.4360  1326913    0.97%            x296 N   4988   4957     22
   5000  3875     5932.3969    74     5903.9517     5961.3653  1328707    0.97%            x978 U   5000   4393     90
   5017  3886        cutoff           5903.9517     5961.3257  1331229    0.97%            x940 U   5017   5015     26
   5029  3896     5948.0964   144     5903.9517     5961.2556  1333243    0.97%            x961 N   5029   4776     77
   5036  3903     5958.2325   147     5903.9517     5961.2321  1334992    0.97%            x448 U   5036     79     60
   5045  3906     5926.6331   116     5903.9517     5961.1958  1337787    0.97%            x296 U   5045   2819     24
   5050  3911     5916.4709    91     5903.9517     5961.1506  1339636    0.97%            x777 N   5050   4509     89
   5058  3915        cutoff           5903.9517     5961.1150  1341629    0.97%            x161 U   5058   4958     23
Elapsed time = 2599.17 sec. (1884913.68 ticks, tree = 1656.76 MB, solutions = 27)
Nodefile size = 1530.55 MB (1530.53 MB after compression)
   5070  3927     5924.6084   116     5903.9517     5961.0560  1343711    0.97%            x936 N   5070   4614     90
   5083  3934        cutoff           5903.9517     5961.0065  1345805    0.97%            x857 U   5083   4652     77
   5093  3939     5959.2142   115     5903.9517     5960.9219  1348024    0.96%            x936 D   5093   4614     90
   5104  3943        cutoff           5903.9517     5960.8736  1351365    0.96%            x944 U   5104   5014     25
   5114  3952     5911.4823    43     5903.9517     5960.8395  1353267    0.96%            x936 U   5114   4707     83
   5126  3960     5911.4823    42     5903.9517     5960.7802  1355252    0.96%            x936 U   5126   4922     84
   5137  3968        cutoff           5903.9517     5960.7577  1357026    0.96%            x844 U   5137   5131     68
   5147  3974        cutoff           5903.9517     5960.7132  1358959    0.96%            x736 U   5147   5016     27
   5179  4006     5910.4643    23     5903.9517     5960.7094  1360845    0.96%             x34 U   5179   5177     94
   5200  4021     5927.6004   173     5903.9517     5960.6889  1362598    0.96%            x642 N   5200   5198     32
Elapsed time = 2659.16 sec. (1926215.07 ticks, tree = 1719.32 MB, solutions = 27)
Nodefile size = 1592.37 MB (1592.35 MB after compression)
   5210  4025     5947.5425   149     5903.9517     5960.6411  1364565    0.96%            x621 U   5210   3092     87
   5219  4033     5904.4074    52     5903.9517     5960.6203  1367308    0.96%             x91 N   5219     27     24
   5230  4042     5959.3826   153     5903.9517     5960.5883  1369159    0.96%            x626 D   5230   4913     83
   5240  4050     5959.7235   128     5903.9517     5960.5629  1370879    0.96%            x308 D   5240   1617     72
   5247  4057     5940.2462   101     5903.9517     5960.5265  1373247    0.96%            x266 U   5247   4893     71
   5258  4066     5937.6407   109     5903.9517     5960.4853  1375231    0.96%            x622 U   5258   5055     77
   5266  4072     5904.3132   158     5903.9517     5960.4494  1377548    0.96%            x413 N   5266   4928     72
   5289  4093        cutoff           5903.9517     5960.4083  1380299    0.96%            x160 U   5289   5047     15
   5300  4102     5926.5880   118     5903.9517     5960.3572  1383009    0.96%            x308 U   5300   5298     60
   5315  4115        cutoff           5903.9517     5960.3266  1385042    0.95%            x837 U   5315   5313     24
Elapsed time = 2717.22 sec. (1968779.80 ticks, tree = 1773.89 MB, solutions = 27)
Nodefile size = 1646.78 MB (1646.75 MB after compression)
   5327  4121     5907.9770   124     5903.9517     5960.3030  1387531    0.95%            x590 N   5327   4996     77
   5335  4126     5920.0109    66     5903.9517     5960.2725  1389881    0.95%            x209 U   5335   5034     58
   5345  4132     5959.7223   135     5903.9517     5960.2278  1391929    0.95%            x777 N   5345   5094     74
   5360  4144     5959.7427   146     5903.9517     5960.1604  1393687    0.95%            x479 D   5360   5359     67
   5370  4149     5907.4478    40     5903.9517     5960.1477  1396309    0.95%            x172 N   5370   5059     72
   5387  4158     5910.4642    49     5903.9517     5960.0714  1398984    0.95%            x958 U   5387   5385     77
   5396  4167     5947.0897   142     5903.9517     5960.0584  1400989    0.95%            x625 U   5396   2726     84
   5407  4178     5925.5561    63     5903.9517     5960.0359  1402864    0.95%            x172 U   5407   5125     76
   5422  4188     5930.8007   122     5903.9517     5959.9786  1405367    0.95%            x590 N   5422   5068     76
   5429  4191     5922.9495   140     5903.9517     5959.9385  1407797    0.95%            x958 N   5429   4808     70
Elapsed time = 2773.89 sec. (2010635.94 ticks, tree = 1817.04 MB, solutions = 27)
Nodefile size = 1689.84 MB (1689.80 MB after compression)
   5433  4195     5916.3166   240     5903.9517     5959.9248  1410113    0.95%            x672 N   5433   5203     28
   5446  4203     5908.8796   187     5903.9517     5959.8968  1412923    0.95%            x165 N   5446   2436     49
   5458  4211        cutoff           5903.9517     5959.8361  1415080    0.95%            x177 U   5458   5456     33
   5468  4217        cutoff           5903.9517     5959.8002  1417325    0.95%            x777 U   5468   5466     81
   5474  4219     5911.2392    39     5903.9517     5959.7572  1419721    0.95%            x109 U   5474   5022     80
   5486  4225     5958.3474   120     5903.9517     5959.6926  1421843    0.94%            x209 D   5486   5240     73
   5501  4240     5937.0654   166     5903.9517     5959.6786  1425031    0.94%            x777 N   5501   5248     65
   5510  4249     5936.3569   163     5903.9517     5959.6615  1427571    0.94%             x23 U   5510   5391     35
   5523  4260     5928.6414    72     5903.9517     5959.6241  1429719    0.94%            x598 U   5523   5242     78
   5534  4267     5959.2972   104     5903.9517     5959.5807  1431863    0.94%            x936 D   5534   5259     83
Elapsed time = 2831.21 sec. (2054553.40 ticks, tree = 1859.98 MB, solutions = 27)
Nodefile size = 1732.74 MB (1732.69 MB after compression)
   5544  4273        cutoff           5903.9517     5959.5540  1434312    0.94%            x777 U   5544   4993     88
   5551  4276        cutoff           5903.9517     5959.5127  1436293    0.94%            x967 U   5551   5392     36
   5566  4288     5923.1814    98     5903.9517     5959.4631  1439082    0.94%            x320 N   5566   5494     28
   5574  4296     5906.6037   123     5903.9517     5959.4496  1441190    0.94%            x991 N   5574   5362     70
   5585  4305     5932.3299    95     5903.9517     5959.3509  1443188    0.94%            x777 U   5585   5230     84
   5597  4311        cutoff           5903.9517     5959.3225  1445559    0.94%            x161 U   5597   5221     21
   5602  4315     5906.2117    76     5903.9517     5959.3161  1447888    0.94%            x878 N   5602   5493     27
   5609  4322     5941.5554   103     5903.9517     5959.2754  1450138    0.94%            x777 N   5609   5454     65
   5644  4353        cutoff           5903.9517     5959.2584  1451968    0.94%            x109 U   5644   5318     66
   5653  4360     5912.3587   222     5903.9517     5959.2467  1455099    0.94%            x913 N   5653   5333     68
Elapsed time = 2889.89 sec. (2098068.65 ticks, tree = 1916.25 MB, solutions = 27)
Nodefile size = 1789.04 MB (1789.00 MB after compression)
   5672  4371     5940.2030    93     5903.9517     5959.2003  1458091    0.94%            x172 U   5672   5346     76
   5681  4374     5941.5489   110     5903.9517     5959.1807  1460541    0.94%            x281 U   5681   5243     85
   5694  4375        cutoff           5903.9517     5959.1422  1463331    0.93%            x958 U   5694   5235     74
   5713  4388     5911.4823    43     5903.9517     5959.0930  1465546    0.93%            x936 U   5713   5711     77
   5719  4394     5955.3512   216     5903.9517     5959.0755  1467788    0.93%            x315 N   5719    355     27
   5730  4401     5921.5411    43     5903.9517     5959.0414  1469841    0.93%            x933 U   5730   5284     67
   5740  4409     5904.6316    53     5903.9517     5959.0080  1472374    0.93%            x979 U   5740   5102     79
   5754  4419     5915.2992    57     5903.9517     5958.9679  1474576    0.93%            x172 U   5754   1893     82
   5765  4430     5910.5491   139     5903.9517     5958.8960  1476499    0.93%              x7 N   5765   5647     40
   5784  4445     5906.2222   110     5903.9517     5958.8580  1478840    0.93%            x626 U   5784   5782     68
Elapsed time = 2949.20 sec. (2140129.71 ticks, tree = 1966.07 MB, solutions = 27)
Nodefile size = 1838.50 MB (1838.44 MB after compression)
   5790  4449     5939.4568   168     5903.9517     5958.8346  1480858    0.93%             x77 N   5790   5781     67
   5801  4451     5957.8527   123     5903.9517     5958.8172  1483028    0.93%            x590 D   5801   5423     79
   5808  4456     5921.7109   173     5903.9517     5958.7995  1484747    0.93%            x413 N   5808   5416     77
   5818  4464     5910.3332   141     5903.9517     5958.7775  1486632    0.93%            x913 N   5818   5816     66
   5828  4472     5921.1877   207     5903.9517     5958.7538  1488239    0.93%            x857 N   5828   5330     78
   5840  4482     5914.1448    60     5903.9517     5958.7219  1490433    0.93%            x209 U   5840   5838     83
   5854  4489     5957.1503   202     5903.9517     5958.6736  1492578    0.93%            x461 D   5854   5128     66
   5870  4503     5930.0221    83     5903.9517     5958.6121  1494501    0.93%            x266 U   5870   5868     75
   5878  4509     5907.6898   324     5903.9517     5958.5975  1496443    0.93%            x736 N   5878   5876     34
   5893  4520     5939.7622    83     5903.9517     5958.5561  1497962    0.92%            x322 U   5893   5550     85
Elapsed time = 3005.71 sec. (2180325.89 ticks, tree = 2009.61 MB, solutions = 27)
Nodefile size = 1882.09 MB (1882.01 MB after compression)
   5902  4529     5909.7473   163     5903.9517     5958.5265  1500286    0.92%            x857 N   5902   5900     74
   5909  4530     5938.6091   126     5903.9517     5958.5086  1502531    0.92%            x203 N   5909   2759     55
   5921  4535     5904.6156    67     5903.9517     5958.4592  1504181    0.92%            x777 N   5921   5301     87
   5931  4543     5937.4341   147     5903.9517     5958.4184  1506043    0.92%            x857 N   5931   5414     87
   5949  4554     5940.8860   125     5903.9517     5958.3820  1508287    0.92%            x281 U   5949   5052     85
   5957  4552     5956.5754   147     5903.9517     5958.3527  1510161    0.92%            x777 D   5957   4711     87
   5966  4557        cutoff           5903.9517     5958.3416  1511921    0.92%            x177 U   5966   5964     25
   5990  4573     5957.8197   132     5903.9517     5958.2889  1513439    0.92%            x172 D   5990   5989     67
*  6000+ 4579                         5905.8145     5958.2570  1515163    0.89%
   6000  4581     5950.7666   101     5905.8145     5958.2570  1515163    0.89%            x866 D   6000   5999     93
   6031  4602     5934.4600    79     5905.8145     5958.2297  1516791    0.89%            x622 U   6031   5571     82
Elapsed time = 3075.93 sec. (2233064.43 ticks, tree = 2059.30 MB, solutions = 28)
Nodefile size = 1931.90 MB (1931.82 MB after compression)
   6044  4611     5922.7835   124     5905.8145     5958.1989  1518926    0.89%            x626 N   6044   4269     67
   6062  4621     5925.5349    60     5905.8145     5958.1465  1521150    0.89%            x172 U   6062   5656     66
   6070  4629     5937.3433   108     5905.8145     5958.1145  1524253    0.89%            x172 N   6070   5155     76
   6080  4637     5926.3170   117     5905.8145     5958.0736  1526466    0.88%            x259 N   6080   6078     85
   6091  4644     5915.0310    62     5905.8145     5958.0271  1528296    0.88%            x622 U   6091   5419     73
   6100  4653     5925.4112    59     5905.8145     5958.0050  1530492    0.88%            x172 U   6100   5696     73
   6108  4657     5954.1587    91     5905.8145     5957.9820  1532568    0.88%            x625 U   6108   3471     81
   6118  4665     5939.2554    91     5905.8145     5957.9329  1534468    0.88%            x172 U   6118   5641     72
   6180  4727     5952.2641   172     5905.8145     5957.9276  1536123    0.88%            x626 N   6180   6158     51
   6184  4729     5926.6331   105     5905.8145     5957.9276  1538685    0.88%            x296 N   6184   6146     39
Elapsed time = 3141.21 sec. (2276246.78 ticks, tree = 2134.94 MB, solutions = 28)
Nodefile size = 2007.71 MB (2007.63 MB after compression)
   6200  4741     5957.7841   172     5905.8145     5957.8964  1540733    0.88%            x209 D   6200   6199     66
   6211  4752     5914.1429   220     5905.8145     5957.8958  1542495    0.88%             x94 N   6211   6209     30
   6220  4761     5927.4498    90     5905.8145     5957.8537  1544622    0.88%            x172 U   6220   5811     78
   6231  4766     5931.5081    90     5905.8145     5957.8220  1546712    0.88%            x777 U   6231   5663     86
   6239  4768     5913.7384    79     5905.8145     5957.8079  1548947    0.88%            x844 U   6239    699     58
   6270  4797     5956.4633   133     5905.8145     5957.7711  1550849    0.88%            x777 D   6270   6269     79
   6282  4805     5932.8137   112     5905.8145     5957.7413  1552903    0.88%            x913 U   6282   5580     73
   6294  4815     5924.8530   127     5905.8145     5957.7311  1554770    0.88%            x172 N   6294   6292     76
   6302  4823     5940.2274   138     5905.8145     5957.6923  1556905    0.88%            x777 N   6302   5955     81
   6313  4831     5935.3893   100     5905.8145     5957.6627  1559035    0.88%            x172 U   6313   5935     80
Elapsed time = 3200.02 sec. (2317289.25 ticks, tree = 2196.65 MB, solutions = 28)
Nodefile size = 2069.54 MB (2069.46 MB after compression)
   6328  4840     5957.5201   142     5905.8145     5957.6050  1561473    0.88%            x109 D   6328   6327     75
   6359  4868     5919.8322    74     5905.8145     5957.5895  1563605    0.88%            x681 U   6359   6042     43
   6369  4874     5917.3168   118     5905.8145     5957.5764  1565716    0.88%            x936 U   6369   5933     78
   6378  4881     5915.8052   122     5905.8145     5957.5446  1567736    0.88%            x626 N   6378   5991     69
   6390  4889     5906.7308    99     5905.8145     5957.5065  1569979    0.88%            x913 U   6390   5920     60
   6400  4899     5955.3977   108     5905.8145     5957.4891  1571462    0.87%            x281 D   6400   5530     90
   6415  4910     5921.8863    71     5905.8145     5957.4632  1573332    0.87%            x777 U   6415   5336     89
   6441  4936     5946.4319    90     5905.8145     5957.4422  1575244    0.87%            x961 N   6441   5671     86
   6451  4944     5921.4129    55     5905.8145     5957.3892  1577632    0.87%            x172 U   6451   5869     76
   6461  4953     5907.2287   125     5905.8145     5957.3742  1579458    0.87%            x479 N   6461   6459     46
Elapsed time = 3260.17 sec. (2357783.69 ticks, tree = 2268.40 MB, solutions = 28)
Nodefile size = 2141.26 MB (2141.17 MB after compression)
   6473  4964     5940.3671   149     5905.8145     5957.3501  1581412    0.87%            x626 U   6473   5856     85
   6483  4973     5912.2414    38     5905.8145     5957.3267  1583566    0.87%            x281 U   6483   6481     83
   6494  4980     5933.0463    67     5905.8145     5957.2949  1585431    0.87%            x622 U   6494   5797     72
   6504  4990     5922.3570    68     5905.8145     5957.2639  1587925    0.87%            x266 U   6504   6351     75
   6512  4994     5919.3088    66     5905.8145     5957.2433  1590326    0.87%            x961 U   6512   5541     89
   6528  5006     5921.4222   123     5905.8145     5957.2050  1592487    0.87%            x165 N   6528   6526     66
   6538  5016     5943.7616   114     5905.8145     5957.1993  1595170    0.87%            x413 U   6538   6536     73
   6554  5026     5917.9032    50     5905.8145     5957.1647  1597387    0.87%            x757 U   6554   5619     62
   6563  5033     5909.7929   168     5905.8145     5957.1311  1599696    0.87%            x857 N   6563   5843     71
   6577  5039        cutoff           5905.8145     5957.1129  1601862    0.87%            x866 U   6577   5896     79
Elapsed time = 3317.98 sec. (2399077.95 ticks, tree = 2319.25 MB, solutions = 28)
Nodefile size = 2192.67 MB (2192.57 MB after compression)
   6590  5038     5955.3036   148     5905.8145     5957.0801  1603652    0.87%            x866 D   6590   5853     86
   6603  5045     5919.5329    96     5905.8145     5957.0288  1606317    0.87%            x952 U   6603   6177     70
   6614  5056     5942.2984    81     5905.8145     5957.0006  1608270    0.87%            x836 U   6614   6612     71
   6633  5075     5923.6510   123     5905.8145     5956.9927  1610876    0.87%            x109 N   6633   6226     56
   6642  5081     5924.7972   118     5905.8145     5956.9533  1612891    0.87%            x209 U   6642   6640     71
   6648  5087     5942.2393   104     5905.8145     5956.9442  1615057    0.87%            x978 U   6648   6646     81
   6668  5107     5911.8775    78     5905.8145     5956.9147  1617595    0.87%            x866 U   6668   5853     86
   6679  5118     5942.1621   136     5905.8145     5956.8962  1619517    0.86%            x604 U   6679   2074     85
   6693  5126     5931.4243   123     5905.8145     5956.8573  1621393    0.86%            x979 U   6693   6690     59
   6714  5145     5914.9949   156     5905.8145     5956.8331  1623628    0.86%            x373 U   6714   6712     82
Elapsed time = 3381.50 sec. (2442201.29 ticks, tree = 2383.72 MB, solutions = 28)
Nodefile size = 2256.55 MB (2256.44 MB after compression)
   6725  5152     5912.6890   124     5905.8145     5956.8084  1625627    0.86%            x913 N   6725   2698     70
   6738  5161     5943.5340   108     5905.8145     5956.7839  1627726    0.86%            x590 N   6738   5638     69
   6747  5166     5955.2711   127     5905.8145     5956.7624  1629770    0.86%            x777 D   6747   6448     83
   6754  5173     5923.5744    82     5905.8145     5956.7547  1631501    0.86%            x777 N   6754   6752     74
   6776  5191     5914.2476   167     5905.8145     5956.7380  1633306    0.86%            x461 N   6776   6774     70
   6783  5198     5927.0570    66     5905.8145     5956.7253  1635155    0.86%            x866 U   6783   5762     91
   6790  5203     5919.5276    69     5905.8145     5956.7030  1636992    0.86%            x961 U   6790   6789     88
   6800  5213     5942.3478   102     5905.8145     5956.6742  1638745    0.86%            x933 U   6800   6105     87
   6806  5215     5927.2396   173     5905.8145     5956.6568  1640771    0.86%            x642 N   6806   6569     33
   6817  5222     5928.7345    99     5905.8145     5956.6361  1643378    0.86%            x109 U   6817   6457     44
Elapsed time = 3437.69 sec. (2483486.22 ticks, tree = 2430.10 MB, solutions = 28)
Nodefile size = 2302.33 MB (2302.22 MB after compression)
   6826  5231     5915.8433   163     5905.8145     5956.6186  1645507    0.86%            x945 N   6826   6516     64
   6838  5242     5910.5696    76     5905.8145     5956.5970  1648129    0.86%            x626 N   6838   6836     70
   6845  5247     5947.7624   171     5905.8145     5956.5839  1650001    0.86%            x836 N   6845   6498     72
   6859  5253     5936.1907    86     5905.8145     5956.5616  1652282    0.86%            x172 U   6859   6287     82
   6869  5261        cutoff           5905.8145     5956.5376  1653925    0.86%             x78 U   6869   5779     38
   6875  5262        cutoff           5905.8145     5956.5259  1655727    0.86%            x373 U   6875   6079     86
   6882  5267     5915.8143    79     5905.8145     5956.5091  1657616    0.86%            x777 U   6882   6702     84
   6896  5275     5911.0344    90     5905.8145     5956.4622  1659662    0.86%            x590 N   6896   5499     33
   6903  5282     5928.4455   190     5905.8145     5956.4565  1661885    0.86%            x161 U   6903   6571     35
   6918  5295     5920.4097   123     5905.8145     5956.4229  1664118    0.86%            x165 N   6918   6314     66
Elapsed time = 3498.83 sec. (2527772.54 ticks, tree = 2475.34 MB, solutions = 28)
Nodefile size = 2348.35 MB (2348.22 MB after compression)
   6926  5301     5955.3356   256     5905.8145     5956.3977  1666021    0.86%            x681 D   6926   6925     61
   6939  5310     5920.9770    80     5905.8145     5956.3569  1668644    0.86%            x866 U   6939   5934     88
   6947  5312     5921.6070    64     5905.8145     5956.3377  1670193    0.86%            x590 U   6947   5914     80
   6973  5328     5936.4410    74     5905.8145     5956.3015  1672102    0.85%            x978 U   6973   6449     87
   6985  5331     5909.9718    77     5905.8145     5956.2645  1674578    0.85%            x844 U   6985   6025     68
   6993  5333        cutoff           5905.8145     5956.2393  1676914    0.85%            x979 U   6993   5917     80
   7000  5340     5956.1294   115     5905.8145     5956.2311  1678263    0.85%            x308 D   7000   1257     67
   7011  5345        cutoff           5905.8145     5956.2181  1680811    0.85%            x373 U   7011   6399     60
   7020  5354     5919.8970    69     5905.8145     5956.1919  1683488    0.85%            x109 U   7020   6641     72
   7030  5362     5928.1930   155     5905.8145     5956.1700  1685171    0.85%            x622 N   7030   7028     69
Elapsed time = 3571.18 sec. (2584338.28 ticks, tree = 2518.08 MB, solutions = 28)
Nodefile size = 2390.96 MB (2390.83 MB after compression)
   7039  5371     5912.2319   161     5905.8145     5956.1435  1687628    0.85%            x936 N   7039   7037     76
   7052  5378     5927.4770   259     5905.8145     5956.1080  1689410    0.85%            x479 N   7052   7050     39
   7060  5384     5910.8624   227     5905.8145     5956.0823  1692194    0.85%            x271 N   7060   6677     39
   7070  5393     5955.0882   203     5905.8145     5956.0486  1693754    0.85%            x373 N   7070   6581     72

User cuts applied:  52308

Root node processing (before b&c):
  Real time             =    8.41 sec. (3674.34 ticks)
Sequential b&c:
  Real time             = 3591.61 sec. (2601930.47 ticks)
                          ------------
Total (root+branch&cut) = 3600.01 sec. (2605604.82 ticks)
cplexobj = 5905.81
cplextime = 3540.16
cplexnode = 7081
mod.U = 5997.94
subLPtime = 955.43
# cut generated = 52308
